<?xml version="1.0" encoding="UTF-8"?>
<!DOCTYPE properties SYSTEM "http://java.sun.com/dtd/properties.dtd">
<properties version="1.0">
  <comment>Sample test run arguments (ets-ogcapi-maps10)</comment>
  <entry key="iut">https://demo.pygeoapi.io/stable</entry>
  <entry key="noofcollections">3</entry>
</properties>
